<?xml version="1.0" encoding="UTF-8"?>
<!-- Generated by org.testng.reporters.JUnitReportReporter -->
<testsuite skipped="0" hostname="Anirudh-PC" name="script1.Testlogin" tests="1" failures="0" timestamp="03 Dec 2017 08:15:20 GMT" time="32.693" errors="0">
  <testcase name="testlogin" time="32.693" classname="script1.Testlogin"/>
</testsuite> <!-- script1.Testlogin -->
